TN:
SF:tests\JedinstvenMail.js
FN:2,JedinstvenMail
FNF:1
FNH:1
FNDA:3,JedinstvenMail
DA:1,1
DA:3,3
DA:5,3
DA:6,3
DA:7,1
DA:9,1
DA:10,1
DA:13,2
DA:14,1
DA:16,1
DA:19,1
DA:21,1
LF:12
LH:12
BRDA:7,0,0,1
BRDA:7,0,1,0
BRDA:13,1,0,1
BRDA:13,1,1,1
BRDA:13,2,0,2
BRDA:13,2,1,1
BRF:6
BRH:5
end_of_record
TN:
SF:tests\SendData.js
FN:13,SendData
FNF:1
FNH:1
FNDA:3,SendData
DA:1,1
DA:2,1
DA:15,3
DA:18,3
DA:19,0
DA:20,0
DA:24,3
DA:25,0
DA:26,0
DA:29,3
DA:31,3
DA:33,3
DA:34,1
DA:35,1
DA:39,2
DA:45,1
DA:48,1
DA:49,1
DA:53,1
LF:19
LH:15
BRDA:18,0,0,0
BRDA:18,0,1,3
BRDA:24,1,0,0
BRDA:24,1,1,3
BRDA:33,2,0,1
BRDA:33,2,1,2
BRF:6
BRH:4
end_of_record
TN:
SF:tests\handleSubmit.js
FN:2,(anonymous_0)
FNF:1
FNH:1
FNDA:6,(anonymous_0)
DA:2,1
DA:3,6
DA:4,2
DA:5,2
DA:8,4
DA:9,4
DA:10,3
DA:12,3
DA:13,2
DA:14,2
DA:17,1
DA:18,1
DA:20,1
DA:21,1
DA:25,1
LF:15
LH:15
BRDA:3,0,0,2
BRDA:3,0,1,4
BRDA:3,1,0,6
BRDA:3,1,1,5
BRDA:12,2,0,2
BRDA:12,2,1,1
BRDA:13,3,0,2
BRDA:13,3,1,1
BRF:8
BRH:8
end_of_record
